<?xml version="1.0" encoding="UTF-8"?>
<testng-results ignored="0" total="1" passed="1" failed="0" skipped="0">
  <reporter-output>
  </reporter-output>
  <suite started-at="2023-10-16T14:02:51 CEST" name="Default suite" finished-at="2023-10-16T14:02:55 CEST" duration-ms="4798">
    <groups>
    </groups>
    <test started-at="2023-10-16T14:02:51 CEST" name="Default test" finished-at="2023-10-16T14:02:55 CEST" duration-ms="4798">
      <class name="com.QACart.todo.testcases.LoginTest">
        <test-method is-config="true" signature="setup()[pri:0, instance:com.QACart.todo.testcases.LoginTest@54d9d12d]" started-at="2023-10-16T14:02:51 CEST" name="setup" finished-at="2023-10-16T14:02:54 CEST" duration-ms="3606" status="PASS">
          <reporter-output>
          </reporter-output>
        </test-method> <!-- setup -->
        <test-method signature="connecterAvecEmailEtMotdepasse()[pri:0, instance:com.QACart.todo.testcases.LoginTest@54d9d12d]" started-at="2023-10-16T14:02:54 CEST" name="connecterAvecEmailEtMotdepasse" finished-at="2023-10-16T14:02:55 CEST" duration-ms="1103" status="PASS">
          <reporter-output>
          </reporter-output>
        </test-method> <!-- connecterAvecEmailEtMotdepasse -->
        <test-method is-config="true" signature="teardown()[pri:0, instance:com.QACart.todo.testcases.LoginTest@54d9d12d]" started-at="2023-10-16T14:02:55 CEST" name="teardown" finished-at="2023-10-16T14:02:55 CEST" duration-ms="0" status="PASS">
          <reporter-output>
          </reporter-output>
        </test-method> <!-- teardown -->
      </class> <!-- com.QACart.todo.testcases.LoginTest -->
    </test> <!-- Default test -->
  </suite> <!-- Default suite -->
</testng-results>
